<?xml version="1.0" encoding="UTF-8"?>
<testng-results skipped="0" failed="0" total="1" passed="1">
  <reporter-output>
    <line>
      <![CDATA[SignIn has been perfomred Successfully]]>
    </line>
    <line>
      <![CDATA[Verification Passed for Product Name on Check Out page.]]>
    </line>
    <line>
      <![CDATA[Verification Passed for Product Price on Check Out page.]]>
    </line>
    <line>
      <![CDATA[Payment has been perfromed for the purchased product.]]>
    </line>
    <line>
      <![CDATA[Verification Passed for Product Name on Confirmation page]]>
    </line>
    <line>
      <![CDATA[Verification Passed for Product Price on Confirmation page]]>
    </line>
    <line>
      <![CDATA[Verification Passed for Product Name]]>
    </line>
    <line>
      <![CDATA[Verification Passed for Product Price]]>
    </line>
  </reporter-output>
  <suite name="Default suite" duration-ms="67214" started-at="2014-04-22T09:15:41Z" finished-at="2014-04-22T09:16:48Z">
    <groups>
    </groups>
    <test name="Default test" duration-ms="67214" started-at="2014-04-22T09:15:41Z" finished-at="2014-04-22T09:16:48Z">
      <class name="automationFramework.Framework_001">
        <test-method status="PASS" signature="beforeMethod()[pri:0, instance:automationFramework.Framework_001@1caa270d]" name="beforeMethod" is-config="true" duration-ms="30826" started-at="2014-04-22T14:45:41Z" finished-at="2014-04-22T14:46:12Z">
          <reporter-output>
          </reporter-output>
        </test-method> <!-- beforeMethod -->
        <test-method status="PASS" signature="main()[pri:0, instance:automationFramework.Framework_001@1caa270d]" name="main" duration-ms="35969" started-at="2014-04-22T14:46:12Z" finished-at="2014-04-22T14:46:48Z">
          <reporter-output>
            <line>
              <![CDATA[SignIn has been perfomred Successfully]]>
            </line>
            <line>
              <![CDATA[Verification Passed for Product Name on Check Out page.]]>
            </line>
            <line>
              <![CDATA[Verification Passed for Product Price on Check Out page.]]>
            </line>
            <line>
              <![CDATA[Payment has been perfromed for the purchased product.]]>
            </line>
            <line>
              <![CDATA[Verification Passed for Product Name on Confirmation page]]>
            </line>
            <line>
              <![CDATA[Verification Passed for Product Price on Confirmation page]]>
            </line>
            <line>
              <![CDATA[Verification Passed for Product Name]]>
            </line>
            <line>
              <![CDATA[Verification Passed for Product Price]]>
            </line>
          </reporter-output>
        </test-method> <!-- main -->
        <test-method status="PASS" signature="afterMethod()[pri:0, instance:automationFramework.Framework_001@1caa270d]" name="afterMethod" is-config="true" duration-ms="386" started-at="2014-04-22T14:46:48Z" finished-at="2014-04-22T14:46:48Z">
          <reporter-output>
          </reporter-output>
        </test-method> <!-- afterMethod -->
      </class> <!-- automationFramework.Framework_001 -->
    </test> <!-- Default test -->
  </suite> <!-- Default suite -->
</testng-results>
